Determining if the pthread_create exist failed with the following output:
Change Dir: /home/janik/catkin_ws/build/catkin_tools_prebuild/CMakeFiles/CMakeTmp

Run Build Command:"/usr/bin/make" "cmTC_22773/fast"
/usr/bin/make -f CMakeFiles/cmTC_22773.dir/build.make CMakeFiles/cmTC_22773.dir/build
make[1]: Verzeichnis „/home/janik/catkin_ws/build/catkin_tools_prebuild/CMakeFiles/CMakeTmp“ wird betreten
Building C object CMakeFiles/cmTC_22773.dir/CheckSymbolExists.c.o
/usr/bin/cc     -o CMakeFiles/cmTC_22773.dir/CheckSymbolExists.c.o   -c /home/janik/catkin_ws/build/catkin_tools_prebuild/CMakeFiles/CMakeTmp/CheckSymbolExists.c
Linking C executable cmTC_22773
/usr/bin/cmake -E cmake_link_script CMakeFiles/cmTC_22773.dir/link.txt --verbose=1
/usr/bin/cc       CMakeFiles/cmTC_22773.dir/CheckSymbolExists.c.o  -o cmTC_22773 -rdynamic 
CMakeFiles/cmTC_22773.dir/CheckSymbolExists.c.o: In Funktion `main':
CheckSymbolExists.c:(.text+0xa): Nicht definierter Verweis auf `pthread_create'
collect2: error: ld returned 1 exit status
CMakeFiles/cmTC_22773.dir/build.make:97: die Regel für Ziel „cmTC_22773“ scheiterte
make[1]: *** [cmTC_22773] Fehler 1
make[1]: Verzeichnis „/home/janik/catkin_ws/build/catkin_tools_prebuild/CMakeFiles/CMakeTmp“ wird verlassen
Makefile:126: die Regel für Ziel „cmTC_22773/fast“ scheiterte
make: *** [cmTC_22773/fast] Fehler 2

File /home/janik/catkin_ws/build/catkin_tools_prebuild/CMakeFiles/CMakeTmp/CheckSymbolExists.c:
/* */
#include <pthread.h>

int main(int argc, char** argv)
{
  (void)argv;
#ifndef pthread_create
  return ((int*)(&pthread_create))[argc];
#else
  (void)argc;
  return 0;
#endif
}

Determining if the function pthread_create exists in the pthreads failed with the following output:
Change Dir: /home/janik/catkin_ws/build/catkin_tools_prebuild/CMakeFiles/CMakeTmp

Run Build Command:"/usr/bin/make" "cmTC_f42d6/fast"
/usr/bin/make -f CMakeFiles/cmTC_f42d6.dir/build.make CMakeFiles/cmTC_f42d6.dir/build
make[1]: Verzeichnis „/home/janik/catkin_ws/build/catkin_tools_prebuild/CMakeFiles/CMakeTmp“ wird betreten
Building C object CMakeFiles/cmTC_f42d6.dir/CheckFunctionExists.c.o
/usr/bin/cc    -DCHECK_FUNCTION_EXISTS=pthread_create   -o CMakeFiles/cmTC_f42d6.dir/CheckFunctionExists.c.o   -c /usr/share/cmake-3.5/Modules/CheckFunctionExists.c
Linking C executable cmTC_f42d6
/usr/bin/cmake -E cmake_link_script CMakeFiles/cmTC_f42d6.dir/link.txt --verbose=1
/usr/bin/cc   -DCHECK_FUNCTION_EXISTS=pthread_create    CMakeFiles/cmTC_f42d6.dir/CheckFunctionExists.c.o  -o cmTC_f42d6 -rdynamic -lpthreads 
/usr/bin/ld: cannot find -lpthreads
collect2: error: ld returned 1 exit status
CMakeFiles/cmTC_f42d6.dir/build.make:97: die Regel für Ziel „cmTC_f42d6“ scheiterte
make[1]: *** [cmTC_f42d6] Fehler 1
make[1]: Verzeichnis „/home/janik/catkin_ws/build/catkin_tools_prebuild/CMakeFiles/CMakeTmp“ wird verlassen
Makefile:126: die Regel für Ziel „cmTC_f42d6/fast“ scheiterte
make: *** [cmTC_f42d6/fast] Fehler 2


