Determining if the pthread_create exist failed with the following output:
Change Dir: /home/janik/catkin_ws/build/turtlebot_highlevel_controller/CMakeFiles/CMakeTmp

Run Build Command:"/usr/bin/make" "cmTC_f3a2c/fast"
/usr/bin/make -f CMakeFiles/cmTC_f3a2c.dir/build.make CMakeFiles/cmTC_f3a2c.dir/build
make[1]: Verzeichnis „/home/janik/catkin_ws/build/turtlebot_highlevel_controller/CMakeFiles/CMakeTmp“ wird betreten
Building C object CMakeFiles/cmTC_f3a2c.dir/CheckSymbolExists.c.o
/usr/bin/cc     -o CMakeFiles/cmTC_f3a2c.dir/CheckSymbolExists.c.o   -c /home/janik/catkin_ws/build/turtlebot_highlevel_controller/CMakeFiles/CMakeTmp/CheckSymbolExists.c
Linking C executable cmTC_f3a2c
/usr/bin/cmake -E cmake_link_script CMakeFiles/cmTC_f3a2c.dir/link.txt --verbose=1
/usr/bin/cc       CMakeFiles/cmTC_f3a2c.dir/CheckSymbolExists.c.o  -o cmTC_f3a2c -rdynamic 
CMakeFiles/cmTC_f3a2c.dir/CheckSymbolExists.c.o: In Funktion `main':
CheckSymbolExists.c:(.text+0xa): Nicht definierter Verweis auf `pthread_create'
collect2: error: ld returned 1 exit status
CMakeFiles/cmTC_f3a2c.dir/build.make:97: die Regel für Ziel „cmTC_f3a2c“ scheiterte
make[1]: *** [cmTC_f3a2c] Fehler 1
make[1]: Verzeichnis „/home/janik/catkin_ws/build/turtlebot_highlevel_controller/CMakeFiles/CMakeTmp“ wird verlassen
Makefile:126: die Regel für Ziel „cmTC_f3a2c/fast“ scheiterte
make: *** [cmTC_f3a2c/fast] Fehler 2

File /home/janik/catkin_ws/build/turtlebot_highlevel_controller/CMakeFiles/CMakeTmp/CheckSymbolExists.c:
/* */
#include <pthread.h>

int main(int argc, char** argv)
{
  (void)argv;
#ifndef pthread_create
  return ((int*)(&pthread_create))[argc];
#else
  (void)argc;
  return 0;
#endif
}

Determining if the function pthread_create exists in the pthreads failed with the following output:
Change Dir: /home/janik/catkin_ws/build/turtlebot_highlevel_controller/CMakeFiles/CMakeTmp

Run Build Command:"/usr/bin/make" "cmTC_3e5e6/fast"
/usr/bin/make -f CMakeFiles/cmTC_3e5e6.dir/build.make CMakeFiles/cmTC_3e5e6.dir/build
make[1]: Verzeichnis „/home/janik/catkin_ws/build/turtlebot_highlevel_controller/CMakeFiles/CMakeTmp“ wird betreten
Building C object CMakeFiles/cmTC_3e5e6.dir/CheckFunctionExists.c.o
/usr/bin/cc    -DCHECK_FUNCTION_EXISTS=pthread_create   -o CMakeFiles/cmTC_3e5e6.dir/CheckFunctionExists.c.o   -c /usr/share/cmake-3.5/Modules/CheckFunctionExists.c
Linking C executable cmTC_3e5e6
/usr/bin/cmake -E cmake_link_script CMakeFiles/cmTC_3e5e6.dir/link.txt --verbose=1
/usr/bin/cc   -DCHECK_FUNCTION_EXISTS=pthread_create    CMakeFiles/cmTC_3e5e6.dir/CheckFunctionExists.c.o  -o cmTC_3e5e6 -rdynamic -lpthreads 
/usr/bin/ld: cannot find -lpthreads
collect2: error: ld returned 1 exit status
CMakeFiles/cmTC_3e5e6.dir/build.make:97: die Regel für Ziel „cmTC_3e5e6“ scheiterte
make[1]: *** [cmTC_3e5e6] Fehler 1
make[1]: Verzeichnis „/home/janik/catkin_ws/build/turtlebot_highlevel_controller/CMakeFiles/CMakeTmp“ wird verlassen
Makefile:126: die Regel für Ziel „cmTC_3e5e6/fast“ scheiterte
make: *** [cmTC_3e5e6/fast] Fehler 2


